# JRE version: OpenJDK Runtime Environment (8.0) (build 1.8.0-25-microsoft-b00)
# Java VM: OpenJDK 64-Bit Server VM (25.71-b00 mixed mode windows-amd64 compressed oops)
Heap:
 PSYoungGen      total 116736K, used 51939K [0x00000000eab00000, 0x00000000f4f80000, 0x0000000100000000)
  eden space 68608K, 7% used [0x00000000eab00000,0x00000000eafb1298,0x00000000eee00000)
  from space 48128K, 97% used [0x00000000f2080000,0x00000000f4e879e0,0x00000000f4f80000)
  to   space 43520K, 0% used [0x00000000eee00000,0x00000000eee00000,0x00000000f1880000)
 ParOldGen       total 699392K, used 239165K [0x00000000c0000000, 0x00000000eab00000, 0x00000000eab00000)
  object space 699392K, 34% used [0x00000000c0000000,0x00000000ce98f470,0x00000000eab00000)
 Metaspace       used 7046K, capacity 7672K, committed 7936K, reserved 1056768K
  class space    used 628K, capacity 688K, committed 768K, reserved 1048576K
GC Heap History (10 events):
Event: 123.569 GC heap before
{Heap before GC invocations=441 (full 421):
 PSYoungGen      total 75776K, used 75776K [0x00000000eab00000, 0x00000000f4380000, 0x0000000100000000)
  eden space 65024K, 100% used [0x00000000eab00000,0x00000000eea80000,0x00000000eea80000)
  from space 10752K, 100% used [0x00000000eea80000,0x00000000ef500000,0x00000000ef500000)
  to   space 44544K, 0% used [0x00000000f1800000,0x00000000f1800000,0x00000000f4380000)
 ParOldGen       total 699392K, used 228305K [0x00000000c0000000, 0x00000000eab00000, 0x00000000eab00000)
  object space 699392K, 32% used [0x00000000c0000000,0x00000000cdef4650,0x00000000eab00000)
 Metaspace       used 6693K, capacity 7350K, committed 7552K, reserved 1056768K
  class space    used 610K, capacity 622K, committed 640K, reserved 1048576K
Event: 123.600 GC heap after
Heap after GC invocations=441 (full 421):
 PSYoungGen      total 111616K, used 9890K [0x00000000eab00000, 0x00000000f4300000, 0x0000000100000000)
  eden space 67584K, 0% used [0x00000000eab00000,0x00000000eab00000,0x00000000eed00000)
  from space 44032K, 22% used [0x00000000f1800000,0x00000000f21a88d8,0x00000000f4300000)
  to   space 44032K, 0% used [0x00000000eed00000,0x00000000eed00000,0x00000000f1800000)
 ParOldGen       total 699392K, used 239141K [0x00000000c0000000, 0x00000000eab00000, 0x00000000eab00000)
  object space 699392K, 34% used [0x00000000c0000000,0x00000000ce989470,0x00000000eab00000)
 Metaspace       used 6693K, capacity 7350K, committed 7552K, reserved 1056768K
  class space    used 610K, capacity 622K, committed 640K, reserved 1048576K
}
Event: 123.802 GC heap before
{Heap before GC invocations=442 (full 421):
 PSYoungGen      total 111616K, used 77474K [0x00000000eab00000, 0x00000000f4300000, 0x0000000100000000)
  eden space 67584K, 100% used [0x00000000eab00000,0x00000000eed00000,0x00000000eed00000)
  from space 44032K, 22% used [0x00000000f1800000,0x00000000f21a88d8,0x00000000f4300000)
  to   space 44032K, 0% used [0x00000000eed00000,0x00000000eed00000,0x00000000f1800000)
 ParOldGen       total 699392K, used 239141K [0x00000000c0000000, 0x00000000eab00000, 0x00000000eab00000)
  object space 699392K, 34% used [0x00000000c0000000,0x00000000ce989470,0x00000000eab00000)
 Metaspace       used 6693K, capacity 7350K, committed 7552K, reserved 1056768K
  class space    used 610K, capacity 622K, committed 640K, reserved 1048576K
Event: 123.820 GC heap after
Heap after GC invocations=442 (full 421):
 PSYoungGen      total 111616K, used 19838K [0x00000000eab00000, 0x00000000f4180000, 0x0000000100000000)
  eden space 67584K, 0% used [0x00000000eab00000,0x00000000eab00000,0x00000000eed00000)
  from space 44032K, 45% used [0x00000000eed00000,0x00000000f005fa68,0x00000000f1800000)
  to   space 41984K, 0% used [0x00000000f1880000,0x00000000f1880000,0x00000000f4180000)
 ParOldGen       total 699392K, used 239141K [0x00000000c0000000, 0x00000000eab00000, 0x00000000eab00000)
  object space 699392K, 34% used [0x00000000c0000000,0x00000000ce989470,0x00000000eab00000)
 Metaspace       used 6693K, capacity 7350K, committed 7552K, reserved 1056768K
  class space    used 610K, capacity 622K, committed 640K, reserved 1048576K
}
Event: 123.975 GC heap before
{Heap before GC invocations=443 (full 421):
 PSYoungGen      total 111616K, used 87422K [0x00000000eab00000, 0x00000000f4180000, 0x0000000100000000)
  eden space 67584K, 100% used [0x00000000eab00000,0x00000000eed00000,0x00000000eed00000)
  from space 44032K, 45% used [0x00000000eed00000,0x00000000f005fa68,0x00000000f1800000)
  to   space 41984K, 0% used [0x00000000f1880000,0x00000000f1880000,0x00000000f4180000)
 ParOldGen       total 699392K, used 239141K [0x00000000c0000000, 0x00000000eab00000, 0x00000000eab00000)
  object space 699392K, 34% used [0x00000000c0000000,0x00000000ce989470,0x00000000eab00000)
 Metaspace       used 6695K, capacity 7350K, committed 7552K, reserved 1056768K
  class space    used 610K, capacity 622K, committed 640K, reserved 1048576K
Event: 124.004 GC heap after
Heap after GC invocations=443 (full 421):
 PSYoungGen      total 110592K, used 29220K [0x00000000eab00000, 0x00000000f4500000, 0x0000000100000000)
  eden space 68608K, 0% used [0x00000000eab00000,0x00000000eab00000,0x00000000eee00000)
  from space 41984K, 69% used [0x00000000f1880000,0x00000000f3509208,0x00000000f4180000)
  to   space 43520K, 0% used [0x00000000eee00000,0x00000000eee00000,0x00000000f1880000)
 ParOldGen       total 699392K, used 239149K [0x00000000c0000000, 0x00000000eab00000, 0x00000000eab00000)
  object space 699392K, 34% used [0x00000000c0000000,0x00000000ce98b470,0x00000000eab00000)
 Metaspace       used 6695K, capacity 7350K, committed 7552K, reserved 1056768K
  class space    used 610K, capacity 622K, committed 640K, reserved 1048576K
}
Event: 124.154 GC heap before
{Heap before GC invocations=444 (full 421):
 PSYoungGen      total 110592K, used 97828K [0x00000000eab00000, 0x00000000f4500000, 0x0000000100000000)
  eden space 68608K, 100% used [0x00000000eab00000,0x00000000eee00000,0x00000000eee00000)
  from space 41984K, 69% used [0x00000000f1880000,0x00000000f3509208,0x00000000f4180000)
  to   space 43520K, 0% used [0x00000000eee00000,0x00000000eee00000,0x00000000f1880000)
 ParOldGen       total 699392K, used 239149K [0x00000000c0000000, 0x00000000eab00000, 0x00000000eab00000)
  object space 699392K, 34% used [0x00000000c0000000,0x00000000ce98b470,0x00000000eab00000)
 Metaspace       used 6697K, capacity 7350K, committed 7552K, reserved 1056768K
  class space    used 610K, capacity 622K, committed 640K, reserved 1048576K
Event: 124.193 GC heap after
Heap after GC invocations=444 (full 421):
 PSYoungGen      total 112128K, used 39433K [0x00000000eab00000, 0x00000000f4f80000, 0x0000000100000000)
  eden space 68608K, 0% used [0x00000000eab00000,0x00000000eab00000,0x00000000eee00000)
  from space 43520K, 90% used [0x00000000eee00000,0x00000000f1482488,0x00000000f1880000)
  to   space 48128K, 0% used [0x00000000f2080000,0x00000000f2080000,0x00000000f4f80000)
 ParOldGen       total 699392K, used 239157K [0x00000000c0000000, 0x00000000eab00000, 0x00000000eab00000)
  object space 699392K, 34% used [0x00000000c0000000,0x00000000ce98d470,0x00000000eab00000)
 Metaspace       used 6697K, capacity 7350K, committed 7552K, reserved 1056768K
  class space    used 610K, capacity 622K, committed 640K, reserved 1048576K
}
Event: 125.315 GC heap before
{Heap before GC invocations=445 (full 421):
 PSYoungGen      total 112128K, used 108041K [0x00000000eab00000, 0x00000000f4f80000, 0x0000000100000000)
  eden space 68608K, 100% used [0x00000000eab00000,0x00000000eee00000,0x00000000eee00000)
  from space 43520K, 90% used [0x00000000eee00000,0x00000000f1482488,0x00000000f1880000)
  to   space 48128K, 0% used [0x00000000f2080000,0x00000000f2080000,0x00000000f4f80000)
 ParOldGen       total 699392K, used 239157K [0x00000000c0000000, 0x00000000eab00000, 0x00000000eab00000)
  object space 699392K, 34% used [0x00000000c0000000,0x00000000ce98d470,0x00000000eab00000)
 Metaspace       used 7044K, capacity 7672K, committed 7936K, reserved 1056768K
  class space    used 628K, capacity 688K, committed 768K, reserved 1048576K
Event: 125.374 GC heap after
Heap after GC invocations=445 (full 421):
 PSYoungGen      total 116736K, used 47134K [0x00000000eab00000, 0x00000000f4f80000, 0x0000000100000000)
  eden space 68608K, 0% used [0x00000000eab00000,0x00000000eab00000,0x00000000eee00000)
  from space 48128K, 97% used [0x00000000f2080000,0x00000000f4e879e0,0x00000000f4f80000)
  to   space 43520K, 0% used [0x00000000eee00000,0x00000000eee00000,0x00000000f1880000)
 ParOldGen       total 699392K, used 239165K [0x00000000c0000000, 0x00000000eab00000, 0x00000000eab00000)
  object space 699392K, 34% used [0x00000000c0000000,0x00000000ce98f470,0x00000000eab00000)
 Metaspace       used 7044K, capacity 7672K, committed 7936K, reserved 1056768K
  class space    used 628K, capacity 688K, committed 768K, reserved 1048576K
}

